<?xml version="1.0" encoding="UTF-8"?>
<!-- Generated by org.testng.reporters.JUnitReportReporter -->
<testsuite hostname="DESKTOP-JIL93TC" failures="0" tests="4" name="tests.PriceTableTests" time="82.733" errors="0" timestamp="2022-06-03T18:46:24 IDT" skipped="0">
  <testcase classname="tests.PriceTableTests" name="checkingTheInfoOfTheTable" time="20.562"/>
  <system-out/>
  <testcase classname="tests.PriceTableTests" name="CheckingTheAmountOfPagesBasedOnAmountOfClicks" time="23.334"/>
  <system-out/>
  <testcase classname="tests.PriceTableTests" name="CheckingTheAmountOfPagesBasedOnAmountOfClicks" time="21.141"/>
  <system-out/>
  <testcase classname="tests.PriceTableTests" name="checkingTheInfoOfTheTable" time="17.696"/>
  <system-out/>
</testsuite> <!-- tests.PriceTableTests -->
