<?xml version="1.0" encoding="UTF-8"?>
<!-- Generated by org.testng.reporters.JUnitReportReporter -->
<testsuite hostname="DESKTOP-JIL93TC" failures="0" tests="8" name="tests.AccountTests" time="154.944" errors="0" timestamp="2022-06-03T18:46:24 IDT" skipped="0">
  <testcase classname="tests.AccountTests" name="CreatAcoountErrorMessages" time="12.620"/>
  <system-out/>
  <testcase classname="tests.AccountTests" name="CheckingSearchResultsFromChat" time="21.199"/>
  <system-out/>
  <testcase classname="tests.AccountTests" name="CreatAcoountErrorMessages" time="15.131"/>
  <system-out/>
  <testcase classname="tests.AccountTests" name="CheckingSearchResultsFromChat" time="16.950"/>
  <system-out/>
  <testcase classname="tests.AccountTests" name="LogInwithFacebookToLupa" time="21.327"/>
  <system-out/>
  <testcase classname="tests.AccountTests" name="CrudTestPersonalDetails" time="23.345"/>
  <system-out/>
  <testcase classname="tests.AccountTests" name="CrudTestPersonalDetails" time="21.177"/>
  <system-out/>
  <testcase classname="tests.AccountTests" name="LogInwithFacebookToLupa" time="23.195"/>
  <system-out/>
</testsuite> <!-- tests.AccountTests -->
