<?xml version="1.0" encoding="UTF-8"?>
<!-- Generated by org.testng.reporters.JUnitReportReporter -->
<testsuite hostname="DESKTOP-JIL93TC" failures="0" tests="8" name="tests.FormsTests" time="106.491" errors="0" timestamp="2022-06-14T17:47:04 IDT" skipped="0">
  <testcase classname="tests.FormsTests" name="errorMessagesOnFormSendEmail" time="14.027"/>
  <system-out/>
  <testcase classname="tests.FormsTests" name="errorMessagesContactMeForm" time="11.259"/>
  <system-out/>
  <testcase classname="tests.FormsTests" name="followOrderFormErrorMessages" time="13.924"/>
  <system-out/>
  <testcase classname="tests.FormsTests" name="errorMessagesContactMeForm" time="12.852"/>
  <system-out/>
  <testcase classname="tests.FormsTests" name="errorMessagesLetTalkAboutItForm" time="13.081"/>
  <system-out/>
  <testcase classname="tests.FormsTests" name="errorMessagesLetTalkAboutItForm" time="13.793"/>
  <system-out/>
  <testcase classname="tests.FormsTests" name="errorMessagesOnFormSendEmail" time="11.652"/>
  <system-out/>
  <testcase classname="tests.FormsTests" name="followOrderFormErrorMessages" time="15.903"/>
  <system-out/>
</testsuite> <!-- tests.FormsTests -->
