<?xml version="1.0" encoding="UTF-8"?>
<!-- Generated by org.testng.reporters.JUnitReportReporter -->
<testsuite hostname="DESKTOP-JIL93TC" failures="0" tests="5" name="tests.AccountTests" time="81.304" errors="0" timestamp="2022-04-16T18:05:56 IDT" skipped="0">
  <testcase classname="tests.AccountTests" name="LogInwithFacebookToLupa" time="20.927"/>
  <system-out/>
  <testcase classname="tests.AccountTests" name="connectToFacebookThroughChat" time="15.786"/>
  <system-out/>
  <testcase classname="tests.AccountTests" name="CheckingSearchResultsFromChat" time="10.862"/>
  <system-out/>
  <testcase classname="tests.AccountTests" name="CrudTestPersonalDetails" time="22.517"/>
  <system-out/>
  <testcase classname="tests.AccountTests" name="CreatAcoountErrorMessages" time="11.212"/>
  <system-out/>
</testsuite> <!-- tests.AccountTests -->
