<?xml version="1.0" encoding="UTF-8"?>
<!-- Generated by org.testng.reporters.JUnitReportReporter -->
<testsuite hostname="DESKTOP-JIL93TC" failures="0" tests="1" name="tests.Tests" time="19.927" errors="0" timestamp="2022-03-04T00:37:13 IST" skipped="0">
  <testcase classname="tests.Tests" name="valuesInTable" time="19.927"/>
  <system-out/>
</testsuite> <!-- tests.Tests -->
