<?xml version="1.0" encoding="UTF-8"?>
<!-- Generated by org.testng.reporters.JUnitReportReporter -->
<testsuite hostname="DESKTOP-JIL93TC" failures="0" tests="1" name="tests.AccountConnectionAndCrudTests" time="8.158" errors="0" timestamp="2022-03-07T20:43:01 IST" skipped="0">
  <testcase classname="tests.AccountConnectionAndCrudTests" name="CreatAcoountFailed" time="8.158"/>
  <system-out/>
</testsuite> <!-- tests.AccountConnectionAndCrudTests -->
