<?xml version="1.0" encoding="UTF-8"?>
<!-- Generated by org.testng.reporters.JUnitReportReporter -->
<testsuite hostname="DESKTOP-JIL93TC" failures="0" tests="8" name="tests.FormsTests" time="106.349" errors="0" timestamp="2022-05-28T21:50:59 IDT" skipped="0">
  <testcase classname="tests.FormsTests" name="errorMessagesOnFormSendEmail" time="13.811"/>
  <system-out/>
  <testcase classname="tests.FormsTests" name="followOrderFormErrorMessages" time="15.870"/>
  <system-out/>
  <testcase classname="tests.FormsTests" name="errorMessagesLetTalkAboutItForm" time="13.772"/>
  <system-out/>
  <testcase classname="tests.FormsTests" name="errorMessagesLetTalkAboutItForm" time="12.441"/>
  <system-out/>
  <testcase classname="tests.FormsTests" name="errorMessagesContactMeForm" time="13.101"/>
  <system-out/>
  <testcase classname="tests.FormsTests" name="errorMessagesContactMeForm" time="11.143"/>
  <system-out/>
  <testcase classname="tests.FormsTests" name="followOrderFormErrorMessages" time="14.632"/>
  <system-out/>
  <testcase classname="tests.FormsTests" name="errorMessagesOnFormSendEmail" time="11.579"/>
  <system-out/>
</testsuite> <!-- tests.FormsTests -->
