<?xml version="1.0" encoding="UTF-8"?>
<!-- Generated by org.testng.reporters.JUnitReportReporter -->
<testsuite hostname="DESKTOP-JIL93TC" failures="0" tests="8" name="tests.FormsTests" time="130.068" errors="0" timestamp="2022-06-03T18:46:24 IDT" skipped="0">
  <testcase classname="tests.FormsTests" name="errorMessagesContactMeForm" time="12.241"/>
  <system-out/>
  <testcase classname="tests.FormsTests" name="followOrderFormErrorMessages" time="13.669"/>
  <system-out/>
  <testcase classname="tests.FormsTests" name="errorMessagesContactMeForm" time="11.094"/>
  <system-out/>
  <testcase classname="tests.FormsTests" name="followOrderFormErrorMessages" time="41.478"/>
  <system-out/>
  <testcase classname="tests.FormsTests" name="errorMessagesOnFormSendEmail" time="13.679"/>
  <system-out/>
  <testcase classname="tests.FormsTests" name="errorMessagesLetTalkAboutItForm" time="12.598"/>
  <system-out/>
  <testcase classname="tests.FormsTests" name="errorMessagesOnFormSendEmail" time="11.642"/>
  <system-out/>
  <testcase classname="tests.FormsTests" name="errorMessagesLetTalkAboutItForm" time="13.667"/>
  <system-out/>
</testsuite> <!-- tests.FormsTests -->
