<?xml version="1.0" encoding="UTF-8"?>
<!-- Generated by org.testng.reporters.JUnitReportReporter -->
<testsuite hostname="DESKTOP-JIL93TC" failures="0" tests="6" name="tests.AccountTests" time="115.258" errors="0" timestamp="2022-06-14T17:47:04 IDT" skipped="0">
  <testcase classname="tests.AccountTests" name="CreatAcoountErrorMessages" time="11.668"/>
  <system-out/>
  <testcase classname="tests.AccountTests" name="LogInwithFacebookToLupa" time="23.268"/>
  <system-out/>
  <testcase classname="tests.AccountTests" name="LogInwithFacebookToLupa" time="22.201"/>
  <system-out/>
  <testcase classname="tests.AccountTests" name="CreatAcoountErrorMessages" time="14.624"/>
  <system-out/>
  <testcase classname="tests.AccountTests" name="CrudTestPersonalDetails" time="22.280"/>
  <system-out/>
  <testcase classname="tests.AccountTests" name="CrudTestPersonalDetails" time="21.217"/>
  <system-out/>
</testsuite> <!-- tests.AccountTests -->
