<?xml version="1.0" encoding="UTF-8"?>
<!-- Generated by org.testng.reporters.JUnitReportReporter -->
<testsuite hostname="DESKTOP-JIL93TC" failures="0" tests="2" name="tests.E2ETests" time="25.255" errors="0" timestamp="2022-06-14T17:47:04 IDT" skipped="0">
  <testcase classname="tests.E2ETests" name="editPics" time="12.314"/>
  <system-out/>
  <testcase classname="tests.E2ETests" name="editPics" time="12.941"/>
  <system-out/>
</testsuite> <!-- tests.E2ETests -->
