<?xml version="1.0" encoding="UTF-8"?>
<!-- Generated by org.testng.reporters.JUnitReportReporter -->
<testsuite hostname="DESKTOP-JIL93TC" failures="0" tests="2" name="tests.ButiqSparimTests" time="103.777" errors="0" timestamp="2022-04-16T18:05:56 IDT" skipped="0">
  <testcase classname="tests.ButiqSparimTests" name="checkingIfLikeButtonsAreWorking" time="29.959"/>
  <system-out/>
  <testcase classname="tests.ButiqSparimTests" name="rightAmuontOfBooksInEachCategory" time="73.818"/>
  <system-out/>
</testsuite> <!-- tests.ButiqSparimTests -->
