<?xml version="1.0" encoding="UTF-8"?>
<!-- Generated by org.testng.reporters.JUnitReportReporter -->
<testsuite hostname="DESKTOP-JIL93TC" failures="0" tests="1" name="tests.Tests" time="46.004" errors="0" timestamp="2022-03-07T11:26:27 IST" skipped="0">
  <testcase classname="tests.Tests" name="Links" time="46.004"/>
  <system-out/>
</testsuite> <!-- tests.Tests -->
