<?xml version="1.0" encoding="UTF-8"?>
<!-- Generated by org.testng.reporters.JUnitReportReporter -->
<testsuite hostname="DESKTOP-JIL93TC" failures="0" tests="4" name="tests.ButiqSparimTests" time="210.523" errors="0" timestamp="2022-06-14T17:47:04 IDT" skipped="0">
  <testcase classname="tests.ButiqSparimTests" name="checkingIfLikeButtonsAreWorking" time="33.868"/>
  <system-out/>
  <testcase classname="tests.ButiqSparimTests" name="checkingIfLikeButtonsAreWorking" time="32.134"/>
  <system-out/>
  <testcase classname="tests.ButiqSparimTests" name="rightAmuontOfBooksInEachCategory" time="70.969"/>
  <system-out/>
  <testcase classname="tests.ButiqSparimTests" name="rightAmuontOfBooksInEachCategory" time="73.552"/>
  <system-out/>
</testsuite> <!-- tests.ButiqSparimTests -->
