<?xml version="1.0" encoding="UTF-8"?>
<!-- Generated by org.testng.reporters.JUnitReportReporter -->
<testsuite hostname="DESKTOP-JIL93TC" failures="0" tests="4" name="tests.ButiqSparimTests" time="198.028" errors="0" timestamp="2022-06-03T18:46:24 IDT" skipped="0">
  <testcase classname="tests.ButiqSparimTests" name="checkingIfLikeButtonsAreWorking" time="34.014"/>
  <system-out/>
  <testcase classname="tests.ButiqSparimTests" name="checkingIfLikeButtonsAreWorking" time="31.954"/>
  <system-out/>
  <testcase classname="tests.ButiqSparimTests" name="rightAmuontOfBooksInEachCategory" time="65.475"/>
  <system-out/>
  <testcase classname="tests.ButiqSparimTests" name="rightAmuontOfBooksInEachCategory" time="66.585"/>
  <system-out/>
</testsuite> <!-- tests.ButiqSparimTests -->
