<?xml version="1.0" encoding="UTF-8"?>
<!-- Generated by org.testng.reporters.JUnitReportReporter -->
<testsuite hostname="DESKTOP-JIL93TC" failures="0" tests="2" name="tests.E2ETests" time="29.564" errors="0" timestamp="2022-06-03T18:46:24 IDT" skipped="0">
  <testcase classname="tests.E2ETests" name="editPics" time="13.101"/>
  <system-out/>
  <testcase classname="tests.E2ETests" name="editPics" time="16.463"/>
  <system-out/>
</testsuite> <!-- tests.E2ETests -->
