<?xml version="1.0" encoding="UTF-8"?>
<!-- Generated by org.testng.reporters.JUnitReportReporter -->
<testsuite hostname="DESKTOP-JIL93TC" failures="0" tests="10" name="tests.AccountTests" time="177.423" errors="0" timestamp="2022-05-28T21:50:59 IDT" skipped="0">
  <testcase classname="tests.AccountTests" name="CrudTestPersonalDetails" time="22.636"/>
  <system-out/>
  <testcase classname="tests.AccountTests" name="CheckingSearchResultsFromChat" time="11.349"/>
  <system-out/>
  <testcase classname="tests.AccountTests" name="CreatAcoountErrorMessages" time="14.558"/>
  <system-out/>
  <testcase classname="tests.AccountTests" name="CrudTestPersonalDetails" time="21.524"/>
  <system-out/>
  <testcase classname="tests.AccountTests" name="connectToFacebookThroughChat" time="20.202"/>
  <system-out/>
  <testcase classname="tests.AccountTests" name="CreatAcoountErrorMessages" time="11.457"/>
  <system-out/>
  <testcase classname="tests.AccountTests" name="connectToFacebookThroughChat" time="17.664"/>
  <system-out/>
  <testcase classname="tests.AccountTests" name="LogInwithFacebookToLupa" time="21.271"/>
  <system-out/>
  <testcase classname="tests.AccountTests" name="LogInwithFacebookToLupa" time="23.987"/>
  <system-out/>
  <testcase classname="tests.AccountTests" name="CheckingSearchResultsFromChat" time="12.775"/>
  <system-out/>
</testsuite> <!-- tests.AccountTests -->
