<?xml version="1.0" encoding="UTF-8"?>
<!-- Generated by org.testng.reporters.JUnitReportReporter -->
<testsuite hostname="DESKTOP-JIL93TC" failures="0" tests="1" name="tests.Tests" time="18.650" errors="0" timestamp="2022-04-16T17:15:19 IDT" skipped="0">
  <testcase classname="tests.Tests" name="amountOfPages" time="18.650"/>
  <system-out/>
</testsuite> <!-- tests.Tests -->
