<?xml version="1.0" encoding="UTF-8"?>
<!-- Generated by org.testng.reporters.JUnitReportReporter -->
<testsuite hostname="DESKTOP-JIL93TC" failures="0" tests="1" name="tests.LinksTests" time="49.451" errors="0" timestamp="2022-07-30T16:39:31 IDT" skipped="0">
  <testcase classname="tests.LinksTests" name="LinksTestsOnMenuAlbumTmonot" time="49.451"/>
  <system-out/>
</testsuite> <!-- tests.LinksTests -->
