<?xml version="1.0" encoding="UTF-8"?>
<!-- Generated by org.testng.reporters.JUnitReportReporter -->
<testsuite hostname="DESKTOP-JIL93TC" failures="0" tests="4" name="tests.PriceTableTests" time="80.479" errors="0" timestamp="2022-05-28T21:50:59 IDT" skipped="0">
  <testcase classname="tests.PriceTableTests" name="checkingTheInfoOfTheTable" time="19.120"/>
  <system-out/>
  <testcase classname="tests.PriceTableTests" name="checkingTheInfoOfTheTable" time="17.584"/>
  <system-out/>
  <testcase classname="tests.PriceTableTests" name="CheckingTheAmountOfPagesBasedOnAmountOfClicks" time="22.598"/>
  <system-out/>
  <testcase classname="tests.PriceTableTests" name="CheckingTheAmountOfPagesBasedOnAmountOfClicks" time="21.177"/>
  <system-out/>
</testsuite> <!-- tests.PriceTableTests -->
