<?xml version="1.0" encoding="UTF-8"?>
<!-- Generated by org.testng.reporters.JUnitReportReporter -->
<testsuite hostname="DESKTOP-JIL93TC" failures="0" tests="4" name="tests.ButiqSparimTests" time="197.526" errors="0" timestamp="2022-05-28T21:50:59 IDT" skipped="0">
  <testcase classname="tests.ButiqSparimTests" name="checkingIfLikeButtonsAreWorking" time="31.885"/>
  <system-out/>
  <testcase classname="tests.ButiqSparimTests" name="checkingIfLikeButtonsAreWorking" time="34.056"/>
  <system-out/>
  <testcase classname="tests.ButiqSparimTests" name="rightAmuontOfBooksInEachCategory" time="64.896"/>
  <system-out/>
  <testcase classname="tests.ButiqSparimTests" name="rightAmuontOfBooksInEachCategory" time="66.689"/>
  <system-out/>
</testsuite> <!-- tests.ButiqSparimTests -->
