<?xml version="1.0" encoding="UTF-8"?>
<!-- Generated by org.testng.reporters.JUnitReportReporter -->
<testsuite hostname="DESKTOP-JIL93TC" failures="0" tests="1" name="tests.Tests" time="30.868" errors="0" timestamp="2022-03-06T19:53:14 IST" skipped="0">
  <testcase classname="tests.Tests" name="amountOfPages" time="30.868"/>
  <system-out/>
</testsuite> <!-- tests.Tests -->
