<?xml version="1.0" encoding="UTF-8"?>
<!-- Generated by org.testng.reporters.JUnitReportReporter -->
<testsuite hostname="DESKTOP-JIL93TC" failures="0" tests="4" name="tests.PriceTableTests" time="82.757" errors="0" timestamp="2022-06-14T17:47:04 IDT" skipped="0">
  <testcase classname="tests.PriceTableTests" name="checkingTheInfoOfTheTable" time="19.671"/>
  <system-out/>
  <testcase classname="tests.PriceTableTests" name="CheckingTheAmountOfPagesBasedOnAmountOfClicks" time="21.176"/>
  <system-out/>
  <testcase classname="tests.PriceTableTests" name="CheckingTheAmountOfPagesBasedOnAmountOfClicks" time="24.337"/>
  <system-out/>
  <testcase classname="tests.PriceTableTests" name="checkingTheInfoOfTheTable" time="17.573"/>
  <system-out/>
</testsuite> <!-- tests.PriceTableTests -->
